mode: set
github.com/ziyan/gatewaysshd/main.go:9.13,11.2 1 0
github.com/ziyan/gatewaysshd/auth/auth.go:21.117,32.2 3 0
github.com/ziyan/gatewaysshd/auth/auth.go:40.115,47.55 3 0
github.com/ziyan/gatewaysshd/auth/auth.go:47.55,48.50 1 0
github.com/ziyan/gatewaysshd/auth/auth.go:48.50,49.64 1 0
github.com/ziyan/gatewaysshd/auth/auth.go:49.64,51.6 1 0
github.com/ziyan/gatewaysshd/auth/auth.go:53.4,54.16 2 0
github.com/ziyan/gatewaysshd/auth/auth.go:58.2,60.16 3 0
github.com/ziyan/gatewaysshd/auth/auth.go:60.16,62.3 1 0
github.com/ziyan/gatewaysshd/auth/auth.go:65.2,65.77 1 0
github.com/ziyan/gatewaysshd/auth/auth.go:65.77,69.3 3 0
github.com/ziyan/gatewaysshd/auth/auth.go:70.2,70.16 1 0
github.com/ziyan/gatewaysshd/auth/auth.go:70.16,72.3 1 0
github.com/ziyan/gatewaysshd/auth/auth.go:75.2,75.19 1 0
github.com/ziyan/gatewaysshd/auth/auth.go:75.19,77.3 1 0
github.com/ziyan/gatewaysshd/auth/auth.go:79.2,79.24 1 0
github.com/ziyan/gatewaysshd/auth/auth.go:79.24,81.3 1 0
github.com/ziyan/gatewaysshd/auth/auth.go:84.2,85.25 2 0
github.com/ziyan/gatewaysshd/auth/auth.go:88.66,91.16 3 0
github.com/ziyan/gatewaysshd/auth/auth.go:91.16,93.3 1 0
github.com/ziyan/gatewaysshd/auth/auth.go:94.2,94.15 1 0
github.com/ziyan/gatewaysshd/auth/auth.go:94.15,95.35 1 0
github.com/ziyan/gatewaysshd/auth/auth.go:95.35,97.4 1 0
github.com/ziyan/gatewaysshd/auth/auth.go:100.2,101.16 2 0
github.com/ziyan/gatewaysshd/auth/auth.go:101.16,103.3 1 0
github.com/ziyan/gatewaysshd/auth/auth.go:105.2,110.17 6 0
github.com/ziyan/gatewaysshd/auth/auth.go:113.81,115.2 1 0
github.com/ziyan/gatewaysshd/cli/cli.go:13.49,20.42 7 0
github.com/ziyan/gatewaysshd/cli/cli.go:20.42,23.72 3 0
github.com/ziyan/gatewaysshd/cli/cli.go:23.72,25.4 1 0
github.com/ziyan/gatewaysshd/cli/cli.go:26.3,28.13 3 0
github.com/ziyan/gatewaysshd/cli/cli.go:30.2,30.41 1 0
github.com/ziyan/gatewaysshd/cli/cli.go:30.41,33.3 2 0
github.com/ziyan/gatewaysshd/cli/cli.go:34.2,35.19 2 0
github.com/ziyan/gatewaysshd/cli/flags.go:94.65,97.16 2 0
github.com/ziyan/gatewaysshd/cli/flags.go:97.16,99.3 1 0
github.com/ziyan/gatewaysshd/cli/flags.go:100.2,101.30 2 0
github.com/ziyan/gatewaysshd/cli/flags.go:101.30,103.17 2 0
github.com/ziyan/gatewaysshd/cli/flags.go:103.17,105.4 1 0
github.com/ziyan/gatewaysshd/cli/flags.go:106.3,107.24 2 0
github.com/ziyan/gatewaysshd/cli/flags.go:109.2,109.26 1 0
github.com/ziyan/gatewaysshd/cli/flags.go:112.58,115.16 2 0
github.com/ziyan/gatewaysshd/cli/flags.go:115.16,117.3 1 0
github.com/ziyan/gatewaysshd/cli/flags.go:118.2,119.16 2 0
github.com/ziyan/gatewaysshd/cli/flags.go:119.16,121.3 1 0
github.com/ziyan/gatewaysshd/cli/flags.go:124.2,125.16 2 0
github.com/ziyan/gatewaysshd/cli/flags.go:125.16,127.3 1 0
github.com/ziyan/gatewaysshd/cli/flags.go:128.2,129.16 2 0
github.com/ziyan/gatewaysshd/cli/flags.go:129.16,131.3 1 0
github.com/ziyan/gatewaysshd/cli/flags.go:133.2,133.65 1 0
github.com/ziyan/gatewaysshd/cli/flags.go:133.65,135.17 2 0
github.com/ziyan/gatewaysshd/cli/flags.go:135.17,137.4 1 0
github.com/ziyan/gatewaysshd/cli/flags.go:138.3,138.25 1 0
github.com/ziyan/gatewaysshd/cli/flags.go:140.2,140.28 1 0
github.com/ziyan/gatewaysshd/cli/flags.go:143.62,145.2 1 0
github.com/ziyan/gatewaysshd/cli/http.go:17.113,18.67 1 0
github.com/ziyan/gatewaysshd/cli/http.go:18.67,20.17 2 0
github.com/ziyan/gatewaysshd/cli/http.go:20.17,21.26 1 0
github.com/ziyan/gatewaysshd/cli/http.go:21.26,24.5 2 0
github.com/ziyan/gatewaysshd/cli/http.go:25.4,27.10 3 0
github.com/ziyan/gatewaysshd/cli/http.go:29.3,29.47 1 0
github.com/ziyan/gatewaysshd/cli/http.go:29.47,33.4 2 0
github.com/ziyan/gatewaysshd/cli/http.go:34.3,34.51 1 0
github.com/ziyan/gatewaysshd/cli/http.go:34.51,38.4 2 0
github.com/ziyan/gatewaysshd/cli/http.go:40.3,41.17 2 0
github.com/ziyan/gatewaysshd/cli/http.go:41.17,45.4 3 0
github.com/ziyan/gatewaysshd/cli/http.go:47.3,48.29 2 0
github.com/ziyan/gatewaysshd/cli/http.go:52.59,54.104 2 0
github.com/ziyan/gatewaysshd/cli/http.go:54.104,56.3 1 0
github.com/ziyan/gatewaysshd/cli/http.go:57.2,57.113 1 0
github.com/ziyan/gatewaysshd/cli/http.go:57.113,59.17 2 0
github.com/ziyan/gatewaysshd/cli/http.go:59.17,61.4 1 0
github.com/ziyan/gatewaysshd/cli/http.go:62.3,62.18 1 0
github.com/ziyan/gatewaysshd/cli/http.go:62.18,64.4 1 0
github.com/ziyan/gatewaysshd/cli/http.go:65.3,65.19 1 0
github.com/ziyan/gatewaysshd/cli/http.go:67.2,67.124 1 0
github.com/ziyan/gatewaysshd/cli/http.go:67.124,69.17 2 0
github.com/ziyan/gatewaysshd/cli/http.go:69.17,71.4 1 0
github.com/ziyan/gatewaysshd/cli/http.go:72.3,72.27 1 0
github.com/ziyan/gatewaysshd/cli/http.go:72.27,74.4 1 0
github.com/ziyan/gatewaysshd/cli/http.go:75.3,75.85 1 0
github.com/ziyan/gatewaysshd/cli/http.go:75.85,78.4 2 0
github.com/ziyan/gatewaysshd/cli/http.go:80.2,80.15 1 0
github.com/ziyan/gatewaysshd/cli/run.go:22.32,24.36 1 0
github.com/ziyan/gatewaysshd/cli/run.go:24.36,26.17 2 0
github.com/ziyan/gatewaysshd/cli/run.go:26.17,28.4 1 0
github.com/ziyan/gatewaysshd/cli/run.go:29.3,29.26 1 0
github.com/ziyan/gatewaysshd/cli/run.go:32.2,33.16 2 0
github.com/ziyan/gatewaysshd/cli/run.go:33.16,36.3 2 0
github.com/ziyan/gatewaysshd/cli/run.go:38.2,39.16 2 0
github.com/ziyan/gatewaysshd/cli/run.go:39.16,42.3 2 0
github.com/ziyan/gatewaysshd/cli/run.go:44.2,45.16 2 0
github.com/ziyan/gatewaysshd/cli/run.go:45.16,48.3 2 0
github.com/ziyan/gatewaysshd/cli/run.go:51.2,53.16 3 0
github.com/ziyan/gatewaysshd/cli/run.go:53.16,56.3 2 0
github.com/ziyan/gatewaysshd/cli/run.go:59.2,60.35 2 0
github.com/ziyan/gatewaysshd/cli/run.go:60.35,63.17 3 0
github.com/ziyan/gatewaysshd/cli/run.go:63.17,66.4 2 0
github.com/ziyan/gatewaysshd/cli/run.go:70.2,71.20 2 0
github.com/ziyan/gatewaysshd/cli/run.go:71.20,73.3 1 0
github.com/ziyan/gatewaysshd/cli/run.go:74.2,75.16 2 0
github.com/ziyan/gatewaysshd/cli/run.go:75.16,78.3 2 0
github.com/ziyan/gatewaysshd/cli/run.go:79.2,79.15 1 0
github.com/ziyan/gatewaysshd/cli/run.go:79.15,80.42 1 0
github.com/ziyan/gatewaysshd/cli/run.go:80.42,82.4 1 0
github.com/ziyan/gatewaysshd/cli/run.go:84.2,84.43 1 0
github.com/ziyan/gatewaysshd/cli/run.go:84.43,87.3 2 0
github.com/ziyan/gatewaysshd/cli/run.go:90.2,91.16 2 0
github.com/ziyan/gatewaysshd/cli/run.go:91.16,94.3 2 0
github.com/ziyan/gatewaysshd/cli/run.go:95.2,102.16 4 0
github.com/ziyan/gatewaysshd/cli/run.go:102.16,105.3 2 0
github.com/ziyan/gatewaysshd/cli/run.go:106.2,114.12 5 0
github.com/ziyan/gatewaysshd/cli/run.go:114.12,119.7 4 0
github.com/ziyan/gatewaysshd/cli/run.go:119.7,121.18 2 0
github.com/ziyan/gatewaysshd/cli/run.go:121.18,123.10 2 0
github.com/ziyan/gatewaysshd/cli/run.go:125.4,126.14 2 0
github.com/ziyan/gatewaysshd/cli/run.go:126.14,129.5 2 0
github.com/ziyan/gatewaysshd/cli/run.go:132.3,132.33 1 0
github.com/ziyan/gatewaysshd/cli/run.go:136.2,138.35 3 0
github.com/ziyan/gatewaysshd/cli/run.go:138.35,145.13 3 0
github.com/ziyan/gatewaysshd/cli/run.go:145.13,150.88 4 0
github.com/ziyan/gatewaysshd/cli/run.go:150.88,152.5 1 0
github.com/ziyan/gatewaysshd/cli/run.go:154.4,154.35 1 0
github.com/ziyan/gatewaysshd/cli/run.go:159.2,164.12 4 0
github.com/ziyan/gatewaysshd/cli/run.go:164.12,165.10 1 0
github.com/ziyan/gatewaysshd/cli/run.go:166.27,168.15 2 0
github.com/ziyan/gatewaysshd/cli/run.go:169.21,170.15 1 0
github.com/ziyan/gatewaysshd/cli/run.go:171.22,172.15 1 0
github.com/ziyan/gatewaysshd/cli/run.go:173.39,174.44 1 0
github.com/ziyan/gatewaysshd/cli/run.go:179.2,179.40 1 0
github.com/ziyan/gatewaysshd/cli/run.go:179.40,182.3 2 0
github.com/ziyan/gatewaysshd/cli/run.go:185.2,188.12 3 0
github.com/ziyan/gatewaysshd/cli/run.go:188.12,190.45 2 0
github.com/ziyan/gatewaysshd/cli/run.go:190.45,192.4 1 0
github.com/ziyan/gatewaysshd/cli/run.go:193.3,193.18 1 0
github.com/ziyan/gatewaysshd/cli/run.go:196.2,196.23 1 0
github.com/ziyan/gatewaysshd/cli/run.go:196.23,198.13 2 0
github.com/ziyan/gatewaysshd/cli/run.go:198.13,200.68 2 0
github.com/ziyan/gatewaysshd/cli/run.go:200.68,202.5 1 0
github.com/ziyan/gatewaysshd/cli/run.go:206.2,207.12 2 0
github.com/ziyan/gatewaysshd/db/migrations/0000_initial.go:3.13,17.2 1 0
github.com/ziyan/gatewaysshd/db/migrations/0001_add_administrator.go:3.13,7.2 1 0
github.com/ziyan/gatewaysshd/db/migrations/0002_add_screenshot.go:3.13,7.2 1 0
github.com/ziyan/gatewaysshd/db/migrations/0003_created_at.go:3.13,8.2 1 0
github.com/ziyan/gatewaysshd/db/migrations/migrations.go:9.35,11.2 1 0
github.com/ziyan/gatewaysshd/db/migrations/migrations.go:19.31,21.29 2 0
github.com/ziyan/gatewaysshd/db/migrations/migrations.go:21.29,23.3 1 0
github.com/ziyan/gatewaysshd/db/migrations/migrations.go:24.2,27.25 3 0
github.com/ziyan/gatewaysshd/db/migrations/migrations.go:27.25,32.3 1 0
github.com/ziyan/gatewaysshd/db/migrations/migrations.go:33.2,33.25 1 0
github.com/ziyan/gatewaysshd/db/db.go:37.86,50.16 3 0
github.com/ziyan/gatewaysshd/db/db.go:50.16,52.3 1 0
github.com/ziyan/gatewaysshd/db/db.go:53.2,56.18 2 0
github.com/ziyan/gatewaysshd/db/db.go:59.37,61.2 1 0
github.com/ziyan/gatewaysshd/db/db.go:66.72,68.2 1 0
github.com/ziyan/gatewaysshd/db/migration.go:18.43,20.2 1 0
github.com/ziyan/gatewaysshd/db/migration.go:22.39,23.58 1 0
github.com/ziyan/gatewaysshd/db/migration.go:23.58,26.3 2 0
github.com/ziyan/gatewaysshd/db/migration.go:27.2,28.60 2 0
github.com/ziyan/gatewaysshd/db/migration.go:28.60,31.3 2 0
github.com/ziyan/gatewaysshd/db/migration.go:32.2,33.43 2 0
github.com/ziyan/gatewaysshd/db/migration.go:33.43,35.3 1 0
github.com/ziyan/gatewaysshd/db/migration.go:37.2,37.52 1 0
github.com/ziyan/gatewaysshd/db/migration.go:37.52,38.63 1 0
github.com/ziyan/gatewaysshd/db/migration.go:38.63,40.12 2 0
github.com/ziyan/gatewaysshd/db/migration.go:42.3,43.57 2 0
github.com/ziyan/gatewaysshd/db/migration.go:43.57,44.55 1 0
github.com/ziyan/gatewaysshd/db/migration.go:44.55,46.5 1 0
github.com/ziyan/gatewaysshd/db/migration.go:47.4,50.25 1 0
github.com/ziyan/gatewaysshd/db/migration.go:50.25,52.5 1 0
github.com/ziyan/gatewaysshd/db/migration.go:53.4,53.14 1 0
github.com/ziyan/gatewaysshd/db/migration.go:54.18,57.4 2 0
github.com/ziyan/gatewaysshd/db/migration.go:58.3,58.53 1 0
github.com/ziyan/gatewaysshd/db/migration.go:60.2,60.12 1 0
github.com/ziyan/gatewaysshd/db/models.go:18.53,20.35 2 0
github.com/ziyan/gatewaysshd/db/models.go:20.35,21.56 1 0
github.com/ziyan/gatewaysshd/db/models.go:21.56,23.4 1 0
github.com/ziyan/gatewaysshd/db/models.go:25.2,26.12 2 0
github.com/ziyan/gatewaysshd/db/models.go:29.52,31.2 1 0
github.com/ziyan/gatewaysshd/db/models.go:35.51,37.35 2 0
github.com/ziyan/gatewaysshd/db/models.go:37.35,38.55 1 0
github.com/ziyan/gatewaysshd/db/models.go:38.55,40.4 1 0
github.com/ziyan/gatewaysshd/db/models.go:42.2,43.12 2 0
github.com/ziyan/gatewaysshd/db/models.go:46.50,47.20 1 0
github.com/ziyan/gatewaysshd/db/models.go:47.20,49.3 1 0
github.com/ziyan/gatewaysshd/db/models.go:50.2,50.44 1 0
github.com/ziyan/gatewaysshd/db/models.go:53.50,54.20 1 0
github.com/ziyan/gatewaysshd/db/models.go:54.20,56.3 1 0
github.com/ziyan/gatewaysshd/db/models.go:57.2,57.44 1 0
github.com/ziyan/gatewaysshd/db/models.go:96.38,98.2 1 0
github.com/ziyan/gatewaysshd/db/users.go:10.52,12.56 2 0
github.com/ziyan/gatewaysshd/db/users.go:12.56,23.38 2 0
github.com/ziyan/gatewaysshd/db/users.go:23.38,25.4 1 0
github.com/ziyan/gatewaysshd/db/users.go:26.3,27.29 2 0
github.com/ziyan/gatewaysshd/db/users.go:27.29,29.4 1 0
github.com/ziyan/gatewaysshd/db/users.go:30.3,30.13 1 0
github.com/ziyan/gatewaysshd/db/users.go:31.17,33.3 1 0
github.com/ziyan/gatewaysshd/db/users.go:34.2,34.21 1 0
github.com/ziyan/gatewaysshd/db/users.go:37.61,39.56 2 0
github.com/ziyan/gatewaysshd/db/users.go:39.56,41.72 2 0
github.com/ziyan/gatewaysshd/db/users.go:41.72,42.46 1 0
github.com/ziyan/gatewaysshd/db/users.go:42.46,44.5 1 0
github.com/ziyan/gatewaysshd/db/users.go:45.4,45.14 1 0
github.com/ziyan/gatewaysshd/db/users.go:47.3,48.13 2 0
github.com/ziyan/gatewaysshd/db/users.go:49.17,51.3 1 0
github.com/ziyan/gatewaysshd/db/users.go:52.2,52.20 1 0
github.com/ziyan/gatewaysshd/db/users.go:55.89,57.56 2 0
github.com/ziyan/gatewaysshd/db/users.go:57.56,60.72 3 0
github.com/ziyan/gatewaysshd/db/users.go:60.72,61.46 1 0
github.com/ziyan/gatewaysshd/db/users.go:61.46,63.5 1 0
github.com/ziyan/gatewaysshd/db/users.go:63.10,65.5 1 0
github.com/ziyan/gatewaysshd/db/users.go:67.3,67.42 1 0
github.com/ziyan/gatewaysshd/db/users.go:67.42,69.4 1 0
github.com/ziyan/gatewaysshd/db/users.go:70.3,72.13 3 0
github.com/ziyan/gatewaysshd/db/users.go:72.13,74.4 1 0
github.com/ziyan/gatewaysshd/db/users.go:75.3,76.13 2 0
github.com/ziyan/gatewaysshd/db/users.go:76.13,77.50 1 0
github.com/ziyan/gatewaysshd/db/users.go:77.50,79.5 1 0
github.com/ziyan/gatewaysshd/db/users.go:80.9,81.48 1 0
github.com/ziyan/gatewaysshd/db/users.go:81.48,83.5 1 0
github.com/ziyan/gatewaysshd/db/users.go:85.3,86.13 2 0
github.com/ziyan/gatewaysshd/db/users.go:87.17,89.3 1 0
github.com/ziyan/gatewaysshd/db/users.go:90.2,90.20 1 0
github.com/ziyan/gatewaysshd/util/debugutil/debugserver.go:11.54,14.16 3 0
github.com/ziyan/gatewaysshd/util/debugutil/debugserver.go:14.16,17.3 2 0
github.com/ziyan/gatewaysshd/util/debugutil/debugserver.go:18.2,28.12 8 0
github.com/ziyan/gatewaysshd/util/debugutil/debugserver.go:28.12,30.89 2 0
github.com/ziyan/gatewaysshd/util/debugutil/debugserver.go:30.89,32.4 1 0
github.com/ziyan/gatewaysshd/util/debugutil/debugserver.go:33.3,33.44 1 0
github.com/ziyan/gatewaysshd/util/debugutil/debugserver.go:35.2,35.16 1 0
github.com/ziyan/gatewaysshd/util/debugutil/debugserver.go:35.16,36.68 1 0
github.com/ziyan/gatewaysshd/util/debugutil/debugserver.go:36.68,38.4 1 0
github.com/ziyan/gatewaysshd/util/debugutil/debugutil.go:12.28,14.70 2 0
github.com/ziyan/gatewaysshd/util/debugutil/debugutil.go:14.70,16.3 1 0
github.com/ziyan/gatewaysshd/util/debugutil/debugutil.go:17.2,17.24 1 0
github.com/ziyan/gatewaysshd/gateway/connection.go:45.144,47.72 2 0
github.com/ziyan/gatewaysshd/gateway/connection.go:47.72,49.3 1 0
github.com/ziyan/gatewaysshd/gateway/connection.go:51.2,52.63 2 0
github.com/ziyan/gatewaysshd/gateway/connection.go:52.63,54.3 1 0
github.com/ziyan/gatewaysshd/gateway/connection.go:56.2,74.12 5 0
github.com/ziyan/gatewaysshd/gateway/connection.go:74.12,76.16 2 0
github.com/ziyan/gatewaysshd/gateway/connection.go:76.16,78.44 2 0
github.com/ziyan/gatewaysshd/gateway/connection.go:78.44,80.5 1 0
github.com/ziyan/gatewaysshd/gateway/connection.go:81.4,81.44 1 0
github.com/ziyan/gatewaysshd/gateway/connection.go:84.3,84.7 1 0
github.com/ziyan/gatewaysshd/gateway/connection.go:84.7,85.11 1 0
github.com/ziyan/gatewaysshd/gateway/connection.go:86.21,87.11 1 0
github.com/ziyan/gatewaysshd/gateway/connection.go:88.35,89.12 1 0
github.com/ziyan/gatewaysshd/gateway/connection.go:89.12,91.6 1 0
github.com/ziyan/gatewaysshd/gateway/connection.go:92.5,92.55 1 0
github.com/ziyan/gatewaysshd/gateway/connection.go:92.55,95.6 2 0
github.com/ziyan/gatewaysshd/gateway/connection.go:96.35,97.12 1 0
github.com/ziyan/gatewaysshd/gateway/connection.go:97.12,99.6 1 0
github.com/ziyan/gatewaysshd/gateway/connection.go:100.5,100.55 1 0
github.com/ziyan/gatewaysshd/gateway/connection.go:100.55,103.6 2 0
github.com/ziyan/gatewaysshd/gateway/connection.go:109.41,111.2 1 0
github.com/ziyan/gatewaysshd/gateway/connection.go:114.33,118.2 3 0
github.com/ziyan/gatewaysshd/gateway/connection.go:130.46,136.2 4 0
github.com/ziyan/gatewaysshd/gateway/connection.go:138.49,144.38 4 0
github.com/ziyan/gatewaysshd/gateway/connection.go:144.38,145.18 1 0
github.com/ziyan/gatewaysshd/gateway/connection.go:145.18,147.4 1 0
github.com/ziyan/gatewaysshd/gateway/connection.go:149.2,150.25 2 0
github.com/ziyan/gatewaysshd/gateway/connection.go:154.47,159.2 3 0
github.com/ziyan/gatewaysshd/gateway/connection.go:178.68,179.83 1 0
github.com/ziyan/gatewaysshd/gateway/connection.go:179.83,182.3 2 0
github.com/ziyan/gatewaysshd/gateway/connection.go:182.17,185.3 2 0
github.com/ziyan/gatewaysshd/gateway/connection.go:186.2,186.12 1 0
github.com/ziyan/gatewaysshd/gateway/connection.go:189.67,190.83 1 0
github.com/ziyan/gatewaysshd/gateway/connection.go:190.83,193.3 2 0
github.com/ziyan/gatewaysshd/gateway/connection.go:193.17,196.3 2 0
github.com/ziyan/gatewaysshd/gateway/connection.go:197.2,197.12 1 0
github.com/ziyan/gatewaysshd/gateway/connection.go:225.58,231.41 4 0
github.com/ziyan/gatewaysshd/gateway/connection.go:231.41,232.31 1 0
github.com/ziyan/gatewaysshd/gateway/connection.go:232.31,233.10 1 0
github.com/ziyan/gatewaysshd/gateway/connection.go:233.10,235.5 1 0
github.com/ziyan/gatewaysshd/gateway/connection.go:239.2,240.38 2 0
github.com/ziyan/gatewaysshd/gateway/connection.go:240.38,242.3 1 0
github.com/ziyan/gatewaysshd/gateway/connection.go:244.2,261.3 1 0
github.com/ziyan/gatewaysshd/gateway/connection.go:264.70,268.39 3 0
github.com/ziyan/gatewaysshd/gateway/connection.go:268.39,270.3 1 0
github.com/ziyan/gatewaysshd/gateway/connection.go:272.2,272.34 1 0
github.com/ziyan/gatewaysshd/gateway/connection.go:275.73,279.39 3 0
github.com/ziyan/gatewaysshd/gateway/connection.go:279.39,281.3 1 0
github.com/ziyan/gatewaysshd/gateway/connection.go:282.2,282.31 1 0
github.com/ziyan/gatewaysshd/gateway/connection.go:282.31,284.3 1 0
github.com/ziyan/gatewaysshd/gateway/connection.go:285.2,288.12 3 0
github.com/ziyan/gatewaysshd/gateway/connection.go:291.75,295.38 3 0
github.com/ziyan/gatewaysshd/gateway/connection.go:295.38,297.3 1 0
github.com/ziyan/gatewaysshd/gateway/connection.go:299.2,300.12 2 0
github.com/ziyan/gatewaysshd/gateway/connection.go:303.67,307.22 2 0
github.com/ziyan/gatewaysshd/gateway/connection.go:308.23,310.17 2 0
github.com/ziyan/gatewaysshd/gateway/connection.go:310.17,313.4 2 0
github.com/ziyan/gatewaysshd/gateway/connection.go:315.3,315.24 1 0
github.com/ziyan/gatewaysshd/gateway/connection.go:315.24,318.4 2 0
github.com/ziyan/gatewaysshd/gateway/connection.go:320.3,320.27 1 0
github.com/ziyan/gatewaysshd/gateway/connection.go:320.27,322.4 1 0
github.com/ziyan/gatewaysshd/gateway/connection.go:323.3,323.82 1 0
github.com/ziyan/gatewaysshd/gateway/connection.go:323.82,326.4 2 0
github.com/ziyan/gatewaysshd/gateway/connection.go:328.3,328.12 1 0
github.com/ziyan/gatewaysshd/gateway/connection.go:329.30,331.17 2 0
github.com/ziyan/gatewaysshd/gateway/connection.go:331.17,334.4 2 0
github.com/ziyan/gatewaysshd/gateway/connection.go:336.3,336.27 1 0
github.com/ziyan/gatewaysshd/gateway/connection.go:336.27,338.4 1 0
github.com/ziyan/gatewaysshd/gateway/connection.go:339.3,339.84 1 0
github.com/ziyan/gatewaysshd/gateway/connection.go:339.84,342.4 2 0
github.com/ziyan/gatewaysshd/gateway/connection.go:344.3,344.12 1 0
github.com/ziyan/gatewaysshd/gateway/connection.go:346.2,346.23 1 0
github.com/ziyan/gatewaysshd/gateway/connection.go:346.23,347.48 1 0
github.com/ziyan/gatewaysshd/gateway/connection.go:347.48,350.4 2 0
github.com/ziyan/gatewaysshd/gateway/connection.go:352.2,352.12 1 0
github.com/ziyan/gatewaysshd/gateway/connection.go:355.72,363.34 6 0
github.com/ziyan/gatewaysshd/gateway/connection.go:364.17,365.70 1 0
github.com/ziyan/gatewaysshd/gateway/connection.go:366.22,367.69 1 0
github.com/ziyan/gatewaysshd/gateway/connection.go:369.2,369.16 1 0
github.com/ziyan/gatewaysshd/gateway/connection.go:369.16,371.3 1 0
github.com/ziyan/gatewaysshd/gateway/connection.go:372.2,372.8 1 0
github.com/ziyan/gatewaysshd/gateway/connection.go:372.8,374.3 1 0
github.com/ziyan/gatewaysshd/gateway/connection.go:375.2,380.16 3 0
github.com/ziyan/gatewaysshd/gateway/connection.go:380.16,383.3 2 0
github.com/ziyan/gatewaysshd/gateway/connection.go:385.2,386.12 2 0
github.com/ziyan/gatewaysshd/gateway/connection.go:386.12,389.3 2 0
github.com/ziyan/gatewaysshd/gateway/connection.go:391.2,391.40 1 0
github.com/ziyan/gatewaysshd/gateway/connection.go:391.40,394.3 2 0
github.com/ziyan/gatewaysshd/gateway/connection.go:395.2,395.12 1 0
github.com/ziyan/gatewaysshd/gateway/connection.go:398.116,399.37 1 0
github.com/ziyan/gatewaysshd/gateway/connection.go:399.37,402.3 1 0
github.com/ziyan/gatewaysshd/gateway/connection.go:405.2,406.16 2 0
github.com/ziyan/gatewaysshd/gateway/connection.go:406.16,409.3 2 0
github.com/ziyan/gatewaysshd/gateway/connection.go:412.2,413.12 2 0
github.com/ziyan/gatewaysshd/gateway/connection.go:413.12,416.3 2 0
github.com/ziyan/gatewaysshd/gateway/connection.go:417.2,417.25 1 0
github.com/ziyan/gatewaysshd/gateway/connection.go:420.115,422.16 2 0
github.com/ziyan/gatewaysshd/gateway/connection.go:422.16,424.3 1 0
github.com/ziyan/gatewaysshd/gateway/connection.go:427.2,427.32 1 0
github.com/ziyan/gatewaysshd/gateway/connection.go:427.32,430.3 2 0
github.com/ziyan/gatewaysshd/gateway/connection.go:433.2,433.23 1 0
github.com/ziyan/gatewaysshd/gateway/connection.go:433.23,435.3 1 0
github.com/ziyan/gatewaysshd/gateway/connection.go:436.2,438.28 3 0
github.com/ziyan/gatewaysshd/gateway/connection.go:438.28,440.3 1 0
github.com/ziyan/gatewaysshd/gateway/connection.go:443.2,444.16 2 0
github.com/ziyan/gatewaysshd/gateway/connection.go:444.16,447.3 2 0
github.com/ziyan/gatewaysshd/gateway/connection.go:449.2,450.12 2 0
github.com/ziyan/gatewaysshd/gateway/connection.go:450.12,466.13 4 0
github.com/ziyan/gatewaysshd/gateway/connection.go:466.13,469.4 2 0
github.com/ziyan/gatewaysshd/gateway/connection.go:470.3,489.17 3 0
github.com/ziyan/gatewaysshd/gateway/connection.go:489.17,492.4 2 0
github.com/ziyan/gatewaysshd/gateway/connection.go:493.3,495.39 2 0
github.com/ziyan/gatewaysshd/gateway/connection.go:497.2,497.25 1 0
github.com/ziyan/gatewaysshd/gateway/connection.go:501.124,505.16 3 0
github.com/ziyan/gatewaysshd/gateway/connection.go:505.16,507.3 1 0
github.com/ziyan/gatewaysshd/gateway/connection.go:510.2,512.12 3 0
github.com/ziyan/gatewaysshd/gateway/connection.go:512.12,515.3 2 0
github.com/ziyan/gatewaysshd/gateway/connection.go:516.2,516.20 1 0
github.com/ziyan/gatewaysshd/gateway/gateway.go:43.99,51.2 1 0
github.com/ziyan/gatewaysshd/gateway/gateway.go:54.30,55.52 1 0
github.com/ziyan/gatewaysshd/gateway/gateway.go:55.52,57.3 1 0
github.com/ziyan/gatewaysshd/gateway/gateway.go:61.51,63.15 2 0
github.com/ziyan/gatewaysshd/gateway/gateway.go:63.15,64.15 1 0
github.com/ziyan/gatewaysshd/gateway/gateway.go:64.15,65.36 1 0
github.com/ziyan/gatewaysshd/gateway/gateway.go:65.36,67.5 1 0
github.com/ziyan/gatewaysshd/gateway/gateway.go:71.2,73.16 3 0
github.com/ziyan/gatewaysshd/gateway/gateway.go:73.16,76.3 2 0
github.com/ziyan/gatewaysshd/gateway/gateway.go:77.2,77.15 1 0
github.com/ziyan/gatewaysshd/gateway/gateway.go:77.15,78.18 1 0
github.com/ziyan/gatewaysshd/gateway/gateway.go:78.18,79.39 1 0
github.com/ziyan/gatewaysshd/gateway/gateway.go:79.39,81.5 1 0
github.com/ziyan/gatewaysshd/gateway/gateway.go:86.2,90.9 3 0
github.com/ziyan/gatewaysshd/gateway/gateway.go:94.51,100.2 4 0
github.com/ziyan/gatewaysshd/gateway/gateway.go:102.54,107.59 4 0
github.com/ziyan/gatewaysshd/gateway/gateway.go:107.59,108.22 1 0
github.com/ziyan/gatewaysshd/gateway/gateway.go:108.22,110.4 1 0
github.com/ziyan/gatewaysshd/gateway/gateway.go:112.2,115.50 3 0
github.com/ziyan/gatewaysshd/gateway/gateway.go:115.50,116.22 1 0
github.com/ziyan/gatewaysshd/gateway/gateway.go:116.22,118.4 1 0
github.com/ziyan/gatewaysshd/gateway/gateway.go:120.2,120.36 1 0
github.com/ziyan/gatewaysshd/gateway/gateway.go:123.102,128.23 4 0
github.com/ziyan/gatewaysshd/gateway/gateway.go:128.23,132.58 3 0
github.com/ziyan/gatewaysshd/gateway/gateway.go:132.58,133.44 1 0
github.com/ziyan/gatewaysshd/gateway/gateway.go:133.44,136.5 2 0
github.com/ziyan/gatewaysshd/gateway/gateway.go:140.2,141.19 2 0
github.com/ziyan/gatewaysshd/gateway/gateway.go:145.54,152.2 5 0
github.com/ziyan/gatewaysshd/gateway/gateway.go:155.65,156.52 1 0
github.com/ziyan/gatewaysshd/gateway/gateway.go:156.52,158.21 2 0
github.com/ziyan/gatewaysshd/gateway/gateway.go:158.21,161.4 2 0
github.com/ziyan/gatewaysshd/gateway/gateway.go:165.50,166.52 1 0
github.com/ziyan/gatewaysshd/gateway/gateway.go:166.52,167.30 1 0
github.com/ziyan/gatewaysshd/gateway/gateway.go:167.30,170.4 2 0
github.com/ziyan/gatewaysshd/gateway/gateway.go:172.2,172.12 1 0
github.com/ziyan/gatewaysshd/gateway/gateway.go:175.71,180.50 4 0
github.com/ziyan/gatewaysshd/gateway/gateway.go:180.50,181.44 1 0
github.com/ziyan/gatewaysshd/gateway/gateway.go:181.44,183.4 1 0
github.com/ziyan/gatewaysshd/gateway/gateway.go:186.2,188.3 1 0
github.com/ziyan/gatewaysshd/gateway/gateway.go:191.55,193.16 2 0
github.com/ziyan/gatewaysshd/gateway/gateway.go:193.16,195.3 1 0
github.com/ziyan/gatewaysshd/gateway/gateway.go:196.2,196.9 1 0
github.com/ziyan/gatewaysshd/gateway/gateway.go:196.9,199.30 3 0
github.com/ziyan/gatewaysshd/gateway/gateway.go:199.30,202.52 3 0
github.com/ziyan/gatewaysshd/gateway/gateway.go:202.52,203.35 1 0
github.com/ziyan/gatewaysshd/gateway/gateway.go:203.35,205.11 2 0
github.com/ziyan/gatewaysshd/gateway/gateway.go:210.2,215.8 1 0
github.com/ziyan/gatewaysshd/gateway/gateway.go:218.66,220.16 2 0
github.com/ziyan/gatewaysshd/gateway/gateway.go:220.16,222.3 1 0
github.com/ziyan/gatewaysshd/gateway/gateway.go:223.2,223.17 1 0
github.com/ziyan/gatewaysshd/gateway/gateway.go:223.17,225.3 1 0
github.com/ziyan/gatewaysshd/gateway/gateway.go:227.2,228.9 2 0
github.com/ziyan/gatewaysshd/gateway/gateway.go:228.9,232.51 3 0
github.com/ziyan/gatewaysshd/gateway/gateway.go:232.51,233.34 1 0
github.com/ziyan/gatewaysshd/gateway/gateway.go:233.34,235.5 1 0
github.com/ziyan/gatewaysshd/gateway/gateway.go:239.2,244.8 3 0
github.com/ziyan/gatewaysshd/gateway/gateway.go:247.71,249.16 2 0
github.com/ziyan/gatewaysshd/gateway/gateway.go:249.16,251.3 1 0
github.com/ziyan/gatewaysshd/gateway/gateway.go:252.2,252.17 1 0
github.com/ziyan/gatewaysshd/gateway/gateway.go:252.17,254.3 1 0
github.com/ziyan/gatewaysshd/gateway/gateway.go:255.2,255.29 1 0
github.com/ziyan/gatewaysshd/gateway/service.go:28.84,33.23 2 0
github.com/ziyan/gatewaysshd/gateway/service.go:33.23,36.3 2 0
github.com/ziyan/gatewaysshd/gateway/service.go:37.2,37.66 1 0
github.com/ziyan/gatewaysshd/gateway/service.go:37.66,38.31 1 0
github.com/ziyan/gatewaysshd/gateway/service.go:38.31,41.67 2 0
github.com/ziyan/gatewaysshd/gateway/service.go:41.67,44.5 2 0
github.com/ziyan/gatewaysshd/gateway/service.go:45.4,45.47 1 0
github.com/ziyan/gatewaysshd/gateway/service.go:48.2,48.12 1 0
github.com/ziyan/gatewaysshd/gateway/service.go:62.51,64.16 2 0
github.com/ziyan/gatewaysshd/gateway/service.go:64.16,66.3 1 0
github.com/ziyan/gatewaysshd/gateway/service.go:67.2,67.47 1 0
github.com/ziyan/gatewaysshd/gateway/service.go:82.47,83.26 1 0
github.com/ziyan/gatewaysshd/gateway/service.go:83.26,84.54 1 0
github.com/ziyan/gatewaysshd/gateway/service.go:84.54,86.4 1 0
github.com/ziyan/gatewaysshd/gateway/service.go:87.3,87.13 1 0
github.com/ziyan/gatewaysshd/gateway/service.go:89.2,89.52 1 0
github.com/ziyan/gatewaysshd/gateway/service.go:89.52,91.3 1 0
github.com/ziyan/gatewaysshd/gateway/service.go:92.2,92.12 1 0
github.com/ziyan/gatewaysshd/gateway/service.go:95.42,96.189 1 0
github.com/ziyan/gatewaysshd/gateway/service.go:96.189,98.3 1 0
github.com/ziyan/gatewaysshd/gateway/service.go:99.2,99.6 1 0
github.com/ziyan/gatewaysshd/gateway/service.go:99.6,102.20 3 0
github.com/ziyan/gatewaysshd/gateway/service.go:102.20,104.4 1 0
github.com/ziyan/gatewaysshd/gateway/service.go:105.3,105.17 1 0
github.com/ziyan/gatewaysshd/gateway/service.go:105.17,107.4 1 0
github.com/ziyan/gatewaysshd/gateway/service.go:108.3,109.21 2 0
github.com/ziyan/gatewaysshd/gateway/service.go:109.21,110.12 1 0
github.com/ziyan/gatewaysshd/gateway/service.go:112.3,112.15 1 0
github.com/ziyan/gatewaysshd/gateway/service.go:113.23,114.14 1 0
github.com/ziyan/gatewaysshd/gateway/service.go:116.3,116.64 1 0
github.com/ziyan/gatewaysshd/gateway/service.go:116.64,117.90 1 0
github.com/ziyan/gatewaysshd/gateway/service.go:117.90,119.5 1 0
github.com/ziyan/gatewaysshd/gateway/service.go:120.4,120.12 1 0
github.com/ziyan/gatewaysshd/gateway/service.go:125.60,126.9 1 0
github.com/ziyan/gatewaysshd/gateway/service.go:127.49,128.21 1 0
github.com/ziyan/gatewaysshd/gateway/service.go:129.49,130.21 1 0
github.com/ziyan/gatewaysshd/gateway/service.go:131.52,132.24 1 0
github.com/ziyan/gatewaysshd/gateway/service.go:133.57,134.29 1 0
github.com/ziyan/gatewaysshd/gateway/service.go:135.61,136.33 1 0
github.com/ziyan/gatewaysshd/gateway/service.go:139.2,139.43 1 0
github.com/ziyan/gatewaysshd/gateway/service.go:139.43,141.3 1 0
github.com/ziyan/gatewaysshd/gateway/service.go:143.2,143.9 1 0
github.com/ziyan/gatewaysshd/gateway/service.go:144.51,145.25 1 0
github.com/ziyan/gatewaysshd/gateway/service.go:146.51,147.33 1 0
github.com/ziyan/gatewaysshd/gateway/service.go:148.54,149.26 1 0
github.com/ziyan/gatewaysshd/gateway/service.go:150.52,151.34 1 0
github.com/ziyan/gatewaysshd/gateway/service.go:154.2,154.36 1 0
github.com/ziyan/gatewaysshd/gateway/service.go:154.36,156.3 1 0
github.com/ziyan/gatewaysshd/gateway/service.go:157.2,157.9 1 0
github.com/ziyan/gatewaysshd/gateway/service.go:158.53,159.35 1 0
github.com/ziyan/gatewaysshd/gateway/service.go:161.2,161.26 1 0
github.com/ziyan/gatewaysshd/gateway/service.go:164.35,170.42 2 0
github.com/ziyan/gatewaysshd/gateway/service.go:170.42,177.3 1 0
github.com/ziyan/gatewaysshd/gateway/service.go:179.2,179.35 1 0
github.com/ziyan/gatewaysshd/gateway/service.go:179.35,184.3 1 0
github.com/ziyan/gatewaysshd/gateway/service.go:186.2,195.56 2 0
github.com/ziyan/gatewaysshd/gateway/service.go:198.35,208.16 2 0
github.com/ziyan/gatewaysshd/gateway/service.go:208.16,210.3 1 0
github.com/ziyan/gatewaysshd/gateway/service.go:211.2,211.41 1 0
github.com/ziyan/gatewaysshd/gateway/service.go:211.41,213.3 1 0
github.com/ziyan/gatewaysshd/gateway/service.go:214.2,214.33 1 0
github.com/ziyan/gatewaysshd/gateway/service.go:217.38,219.2 1 0
github.com/ziyan/gatewaysshd/gateway/service.go:221.48,223.43 2 0
github.com/ziyan/gatewaysshd/gateway/service.go:223.43,225.3 1 0
github.com/ziyan/gatewaysshd/gateway/service.go:225.8,227.3 1 0
github.com/ziyan/gatewaysshd/gateway/service.go:228.2,228.29 1 0
github.com/ziyan/gatewaysshd/gateway/service.go:231.43,232.26 1 0
github.com/ziyan/gatewaysshd/gateway/service.go:232.26,234.3 1 0
github.com/ziyan/gatewaysshd/gateway/service.go:236.2,237.16 2 0
github.com/ziyan/gatewaysshd/gateway/service.go:237.16,240.3 2 0
github.com/ziyan/gatewaysshd/gateway/service.go:241.2,241.15 1 0
github.com/ziyan/gatewaysshd/gateway/service.go:241.15,242.40 1 0
github.com/ziyan/gatewaysshd/gateway/service.go:242.40,244.4 1 0
github.com/ziyan/gatewaysshd/gateway/service.go:248.2,249.16 2 0
github.com/ziyan/gatewaysshd/gateway/service.go:249.16,252.3 2 0
github.com/ziyan/gatewaysshd/gateway/service.go:255.2,256.53 2 0
github.com/ziyan/gatewaysshd/gateway/service.go:256.53,259.3 2 0
github.com/ziyan/gatewaysshd/gateway/service.go:262.2,262.45 1 0
github.com/ziyan/gatewaysshd/gateway/service.go:265.47,266.26 1 0
github.com/ziyan/gatewaysshd/gateway/service.go:266.26,268.3 1 0
github.com/ziyan/gatewaysshd/gateway/service.go:271.2,272.16 2 0
github.com/ziyan/gatewaysshd/gateway/service.go:272.16,275.3 2 0
github.com/ziyan/gatewaysshd/gateway/service.go:278.2,278.53 1 0
github.com/ziyan/gatewaysshd/gateway/service.go:281.40,283.16 2 0
github.com/ziyan/gatewaysshd/gateway/service.go:283.16,285.3 1 0
github.com/ziyan/gatewaysshd/gateway/service.go:286.2,286.29 1 0
github.com/ziyan/gatewaysshd/gateway/service.go:289.51,291.16 2 0
github.com/ziyan/gatewaysshd/gateway/service.go:291.16,293.3 1 0
github.com/ziyan/gatewaysshd/gateway/service.go:294.2,294.29 1 0
github.com/ziyan/gatewaysshd/gateway/service.go:297.52,298.65 1 0
github.com/ziyan/gatewaysshd/gateway/service.go:298.65,300.3 1 0
github.com/ziyan/gatewaysshd/gateway/service.go:301.2,301.12 1 0
github.com/ziyan/gatewaysshd/gateway/session.go:10.133,14.32 2 0
github.com/ziyan/gatewaysshd/gateway/session.go:14.32,19.23 2 0
github.com/ziyan/gatewaysshd/gateway/session.go:20.14,20.14 0 0
github.com/ziyan/gatewaysshd/gateway/session.go:22.16,22.16 0 0
github.com/ziyan/gatewaysshd/gateway/session.go:24.15,24.15 0 0
github.com/ziyan/gatewaysshd/gateway/session.go:26.18,26.18 0 0
github.com/ziyan/gatewaysshd/gateway/session.go:28.11,29.14 1 0
github.com/ziyan/gatewaysshd/gateway/session.go:33.3,33.24 1 0
github.com/ziyan/gatewaysshd/gateway/session.go:33.24,34.49 1 0
github.com/ziyan/gatewaysshd/gateway/session.go:34.49,36.10 2 0
github.com/ziyan/gatewaysshd/gateway/session.go:40.3,40.23 1 0
github.com/ziyan/gatewaysshd/gateway/session.go:41.16,41.16 0 0
github.com/ziyan/gatewaysshd/gateway/session.go:42.15,42.15 0 0
github.com/ziyan/gatewaysshd/gateway/session.go:43.11,44.12 1 0
github.com/ziyan/gatewaysshd/gateway/session.go:47.3,47.26 1 0
github.com/ziyan/gatewaysshd/gateway/session.go:47.26,49.17 2 0
github.com/ziyan/gatewaysshd/gateway/session.go:49.17,50.48 1 0
github.com/ziyan/gatewaysshd/gateway/session.go:50.48,52.6 1 0
github.com/ziyan/gatewaysshd/gateway/session.go:54.5,55.17 2 0
github.com/ziyan/gatewaysshd/gateway/session.go:55.17,57.6 1 0
github.com/ziyan/gatewaysshd/gateway/session.go:58.5,58.97 1 0
github.com/ziyan/gatewaysshd/gateway/session.go:58.97,60.6 1 0
github.com/ziyan/gatewaysshd/gateway/session.go:62.5,62.43 1 0
github.com/ziyan/gatewaysshd/gateway/session.go:62.43,64.6 1 0
github.com/ziyan/gatewaysshd/gateway/session.go:68.4,69.30 2 0
github.com/ziyan/gatewaysshd/gateway/session.go:69.30,71.68 2 0
github.com/ziyan/gatewaysshd/gateway/session.go:71.68,74.6 2 0
github.com/ziyan/gatewaysshd/gateway/session.go:75.5,75.30 1 0
github.com/ziyan/gatewaysshd/gateway/session.go:79.4,79.67 1 0
github.com/ziyan/gatewaysshd/gateway/session.go:79.67,81.84 2 0
github.com/ziyan/gatewaysshd/gateway/session.go:81.84,83.6 1 0
github.com/ziyan/gatewaysshd/gateway/session.go:84.5,84.15 1 0
github.com/ziyan/gatewaysshd/gateway/session.go:87.4,88.14 2 0
github.com/ziyan/gatewaysshd/gateway/session.go:89.19,90.9 1 0
github.com/ziyan/gatewaysshd/gateway/tunnel.go:21.140,33.2 4 0
github.com/ziyan/gatewaysshd/gateway/tunnel.go:36.29,37.27 1 0
github.com/ziyan/gatewaysshd/gateway/tunnel.go:37.27,39.3 1 0
github.com/ziyan/gatewaysshd/gateway/tunnel.go:42.66,43.15 1 0
github.com/ziyan/gatewaysshd/gateway/tunnel.go:43.15,45.46 2 0
github.com/ziyan/gatewaysshd/gateway/tunnel.go:45.46,47.4 1 0
github.com/ziyan/gatewaysshd/gateway/tunnel.go:48.3,48.109 1 0
github.com/ziyan/gatewaysshd/gateway/tunnel.go:51.2,51.6 1 0
github.com/ziyan/gatewaysshd/gateway/tunnel.go:51.6,52.10 1 0
github.com/ziyan/gatewaysshd/gateway/tunnel.go:53.20,54.10 1 0
github.com/ziyan/gatewaysshd/gateway/tunnel.go:55.34,56.11 1 0
github.com/ziyan/gatewaysshd/gateway/tunnel.go:56.11,58.5 1 0
github.com/ziyan/gatewaysshd/gateway/tunnel.go:61.4,61.25 1 0
github.com/ziyan/gatewaysshd/gateway/tunnel.go:61.25,62.53 1 0
github.com/ziyan/gatewaysshd/gateway/tunnel.go:62.53,65.6 2 0
github.com/ziyan/gatewaysshd/gateway/tunnel.go:71.55,76.12 4 0
github.com/ziyan/gatewaysshd/gateway/tunnel.go:76.12,79.3 2 0
github.com/ziyan/gatewaysshd/gateway/tunnel.go:81.2,82.12 2 0
github.com/ziyan/gatewaysshd/gateway/tunnel.go:82.12,85.3 2 0
github.com/ziyan/gatewaysshd/gateway/tunnel.go:88.2,88.9 1 0
github.com/ziyan/gatewaysshd/gateway/tunnel.go:89.15,89.15 0 0
github.com/ziyan/gatewaysshd/gateway/tunnel.go:90.15,90.15 0 0
github.com/ziyan/gatewaysshd/gateway/tunnel.go:99.50,104.2 1 0
github.com/ziyan/gatewaysshd/gateway/utils.go:24.71,27.56 2 0
github.com/ziyan/gatewaysshd/gateway/utils.go:27.56,29.3 1 0
github.com/ziyan/gatewaysshd/gateway/utils.go:32.2,32.26 1 0
github.com/ziyan/gatewaysshd/gateway/utils.go:32.26,34.3 1 0
github.com/ziyan/gatewaysshd/gateway/utils.go:36.2,36.21 1 0
github.com/ziyan/gatewaysshd/gateway/utils.go:54.63,57.53 2 0
github.com/ziyan/gatewaysshd/gateway/utils.go:57.53,59.3 1 0
github.com/ziyan/gatewaysshd/gateway/utils.go:62.2,62.23 1 0
github.com/ziyan/gatewaysshd/gateway/utils.go:62.23,64.3 1 0
github.com/ziyan/gatewaysshd/gateway/utils.go:66.2,66.29 1 0
github.com/ziyan/gatewaysshd/gateway/utils.go:66.29,68.3 1 0
github.com/ziyan/gatewaysshd/gateway/utils.go:70.2,70.18 1 0
github.com/ziyan/gatewaysshd/gateway/utils.go:73.49,75.2 1 0
github.com/ziyan/gatewaysshd/gateway/utils.go:98.29,103.2 1 0
github.com/ziyan/gatewaysshd/gateway/utils.go:105.45,107.2 1 0
github.com/ziyan/gatewaysshd/gateway/utils.go:109.49,111.2 1 0
github.com/ziyan/gatewaysshd/gateway/utils.go:117.61,118.19 1 0
github.com/ziyan/gatewaysshd/gateway/utils.go:118.19,120.3 1 0
github.com/ziyan/gatewaysshd/gateway/utils.go:121.2,121.22 1 0
github.com/ziyan/gatewaysshd/gateway/utils.go:121.22,123.3 1 0
github.com/ziyan/gatewaysshd/gateway/utils.go:124.2,124.23 1 0
github.com/ziyan/gatewaysshd/gateway/utils.go:132.62,137.2 1 0
github.com/ziyan/gatewaysshd/gateway/utils.go:140.57,142.29 2 0
github.com/ziyan/gatewaysshd/gateway/utils.go:142.29,144.3 1 0
github.com/ziyan/gatewaysshd/gateway/utils.go:145.2,145.18 1 0
github.com/ziyan/gatewaysshd/gateway/utils.go:149.58,151.29 2 0
github.com/ziyan/gatewaysshd/gateway/utils.go:151.29,153.3 1 0
github.com/ziyan/gatewaysshd/gateway/utils.go:154.2,154.18 1 0
github.com/ziyan/gatewaysshd/gateway/utils.go:157.40,159.2 1 0
github.com/ziyan/gatewaysshd/gateway/utils.go:161.47,163.2 1 0
github.com/ziyan/gatewaysshd/gateway/utils.go:165.48,167.2 1 0
github.com/ziyan/gatewaysshd/gateway/utils.go:169.57,171.2 1 0
github.com/ziyan/gatewaysshd/gateway/utils.go:173.61,175.2 1 0
github.com/ziyan/gatewaysshd/gateway/utils.go:177.62,179.2 1 0
github.com/ziyan/gatewaysshd/gateway/utils.go:181.44,185.16 4 0
github.com/ziyan/gatewaysshd/gateway/utils.go:185.16,187.3 1 0
github.com/ziyan/gatewaysshd/gateway/utils.go:188.2,188.15 1 0
